2020-12-22 15:39:40,997 [Worker-1: Loading available Gradle versions] INFO  o.e.b.c.i.u.g.PublishedGradleVersions - Gradle version information cache is up-to-date. Trying to read.
2020-12-22 15:39:51,925 [Worker-2: Update Maven projects configuration] INFO  o.e.m.c.i.p.ProjectConfigurationManager - Update started
2020-12-22 15:39:53,281 [Worker-2: Update Maven projects configuration] INFO  o.e.m.c.i.l.LifecycleMappingFactory - Using org.eclipse.m2e.jdt.JarLifecycleMapping lifecycle mapping for MavenProject: com.revature:the-tea-project-2:0.0.1-SNAPSHOT @ C:\Users\David\Desktop\Project2Git\DJS-3\the-tea-project-2\target\classes\META-INF\maven\com.revature\the-tea-project-2\pom.xml.
2020-12-22 15:39:55,248 [Worker-2: Update Maven projects configuration] INFO  o.e.m.j.i.AbstractJavaProjectConfigurator - Adding source folder /com.revature_the-tea-project-2/src/main/java
2020-12-22 15:39:55,251 [Worker-2: Update Maven projects configuration] INFO  o.e.m.j.i.AbstractJavaProjectConfigurator - Adding source folder /com.revature_the-tea-project-2/src/test/java
2020-12-22 15:39:56,375 [Worker-1: Building] INFO  o.e.m.c.i.embedder.EclipseLogger - Using 'UTF-8' encoding to copy filtered resources.
2020-12-22 15:39:56,376 [Worker-1: Building] INFO  o.e.m.c.i.embedder.EclipseLogger - Using 'UTF-8' encoding to copy filtered properties files.
2020-12-22 15:39:56,377 [Worker-1: Building] INFO  o.e.m.c.i.embedder.EclipseLogger - skip non existing resourceDirectory C:\Users\David\Desktop\Project2Git\DJS-3\the-tea-project-2\target\classes\META-INF\maven\com.revature\the-tea-project-2\src\main\resources
2020-12-22 15:39:56,378 [Worker-1: Building] INFO  o.e.m.c.i.embedder.EclipseLogger - skip non existing resourceDirectory C:\Users\David\Desktop\Project2Git\DJS-3\the-tea-project-2\target\classes\META-INF\maven\com.revature\the-tea-project-2\src\main\resources
2020-12-22 15:39:56,380 [Worker-1: Building] INFO  o.e.m.c.i.embedder.EclipseLogger - Using 'UTF-8' encoding to copy filtered resources.
2020-12-22 15:39:56,380 [Worker-1: Building] INFO  o.e.m.c.i.embedder.EclipseLogger - Using 'UTF-8' encoding to copy filtered properties files.
2020-12-22 15:39:56,380 [Worker-1: Building] INFO  o.e.m.c.i.embedder.EclipseLogger - skip non existing resourceDirectory C:\Users\David\Desktop\Project2Git\DJS-3\the-tea-project-2\target\classes\META-INF\maven\com.revature\the-tea-project-2\src\test\resources
2020-12-22 15:39:56,508 [Worker-2: Update Maven projects configuration] INFO  o.e.m.c.i.p.ProjectConfigurationManager - Update completed: 4 sec
2020-12-22 15:39:56,634 [Worker-1: Building] INFO  o.e.m.c.i.embedder.EclipseLogger - Using 'UTF-8' encoding to copy filtered resources.
2020-12-22 15:39:56,634 [Worker-1: Building] INFO  o.e.m.c.i.embedder.EclipseLogger - Using 'UTF-8' encoding to copy filtered properties files.
2020-12-22 15:39:56,635 [Worker-1: Building] INFO  o.e.m.c.i.embedder.EclipseLogger - skip non existing resourceDirectory C:\Users\David\Desktop\Project2Git\DJS-3\the-tea-project-2\target\classes\META-INF\maven\com.revature\the-tea-project-2\src\main\resources
2020-12-22 15:39:56,638 [Worker-1: Building] INFO  o.e.m.c.i.embedder.EclipseLogger - skip non existing resourceDirectory C:\Users\David\Desktop\Project2Git\DJS-3\the-tea-project-2\target\classes\META-INF\maven\com.revature\the-tea-project-2\src\main\resources
2020-12-22 15:39:56,640 [Worker-1: Building] INFO  o.e.m.c.i.embedder.EclipseLogger - Using 'UTF-8' encoding to copy filtered resources.
2020-12-22 15:39:56,640 [Worker-1: Building] INFO  o.e.m.c.i.embedder.EclipseLogger - Using 'UTF-8' encoding to copy filtered properties files.
2020-12-22 15:39:56,641 [Worker-1: Building] INFO  o.e.m.c.i.embedder.EclipseLogger - skip non existing resourceDirectory C:\Users\David\Desktop\Project2Git\DJS-3\the-tea-project-2\target\classes\META-INF\maven\com.revature\the-tea-project-2\src\test\resources
2020-12-22 15:40:42,027 [Worker-2: Building] INFO  o.e.m.c.i.l.LifecycleMappingFactory - Using org.maven.ide.eclipse.wtp.WarLifecycleMapping lifecycle mapping for MavenProject: com.revature:SpringFlashcard:0.0.1-SNAPSHOT @ C:\Users\David\Desktop\Project2Git\DJS-3\TheTeaAppV1\pom.xml.
2020-12-22 15:40:44,121 [Worker-2: Building] WARN  o.e.m.c.i.embedder.EclipseLogger - Using platform encoding (Cp1252 actually) to copy filtered resources, i.e. build is platform dependent!
2020-12-22 15:40:44,125 [Worker-2: Building] INFO  o.e.m.c.i.embedder.EclipseLogger - skip non existing resourceDirectory C:\Users\David\Desktop\Project2Git\DJS-3\TheTeaAppV1\src\main\resources
2020-12-22 15:40:44,126 [Worker-2: Building] WARN  o.e.m.c.i.embedder.EclipseLogger - Using platform encoding (Cp1252 actually) to copy filtered resources, i.e. build is platform dependent!
2020-12-22 15:40:44,130 [Worker-2: Building] INFO  o.e.m.c.i.embedder.EclipseLogger - skip non existing resourceDirectory C:\Users\David\Desktop\Project2Git\DJS-3\TheTeaAppV1\src\test\resources
2020-12-22 15:40:44,385 [Worker-6: Building] INFO  o.e.m.c.i.embedder.EclipseLogger - Using 'UTF-8' encoding to copy filtered resources.
2020-12-22 15:40:44,385 [Worker-6: Building] INFO  o.e.m.c.i.embedder.EclipseLogger - Using 'UTF-8' encoding to copy filtered properties files.
2020-12-22 15:40:44,385 [Worker-6: Building] INFO  o.e.m.c.i.embedder.EclipseLogger - skip non existing resourceDirectory C:\Users\David\Desktop\Project2Git\DJS-3\the-tea-project-2\target\classes\META-INF\maven\com.revature\the-tea-project-2\src\main\resources
2020-12-22 15:40:44,388 [Worker-6: Building] INFO  o.e.m.c.i.embedder.EclipseLogger - skip non existing resourceDirectory C:\Users\David\Desktop\Project2Git\DJS-3\the-tea-project-2\target\classes\META-INF\maven\com.revature\the-tea-project-2\src\main\resources
2020-12-22 15:40:44,390 [Worker-6: Building] INFO  o.e.m.c.i.embedder.EclipseLogger - Using 'UTF-8' encoding to copy filtered resources.
2020-12-22 15:40:44,390 [Worker-6: Building] INFO  o.e.m.c.i.embedder.EclipseLogger - Using 'UTF-8' encoding to copy filtered properties files.
2020-12-22 15:40:44,390 [Worker-6: Building] INFO  o.e.m.c.i.embedder.EclipseLogger - skip non existing resourceDirectory C:\Users\David\Desktop\Project2Git\DJS-3\the-tea-project-2\target\classes\META-INF\maven\com.revature\the-tea-project-2\src\test\resources
2020-12-22 15:40:44,931 [Worker-2: Updating Maven Dependencies] INFO  o.e.m.c.i.l.LifecycleMappingFactory - Using org.maven.ide.eclipse.wtp.WarLifecycleMapping lifecycle mapping for MavenProject: com.revature:SpringFlashcard:0.0.1-SNAPSHOT @ C:\Users\David\Desktop\Project2Git\DJS-3\TheTeaAppV1\pom.xml.
2020-12-22 15:40:48,687 [Worker-0: Building] WARN  o.e.m.c.i.embedder.EclipseLogger - Using platform encoding (Cp1252 actually) to copy filtered resources, i.e. build is platform dependent!
2020-12-22 15:40:48,690 [Worker-0: Building] INFO  o.e.m.c.i.embedder.EclipseLogger - skip non existing resourceDirectory C:\Users\David\Desktop\Project2Git\DJS-3\TheTeaAppV1\src\main\resources
2020-12-22 15:40:48,691 [Worker-0: Building] WARN  o.e.m.c.i.embedder.EclipseLogger - Using platform encoding (Cp1252 actually) to copy filtered resources, i.e. build is platform dependent!
2020-12-22 15:40:48,694 [Worker-0: Building] INFO  o.e.m.c.i.embedder.EclipseLogger - skip non existing resourceDirectory C:\Users\David\Desktop\Project2Git\DJS-3\TheTeaAppV1\src\test\resources
2020-12-22 15:41:31,665 [Worker-9: Updating Maven Project] INFO  o.e.m.c.i.p.ProjectConfigurationManager - Update started
2020-12-22 15:41:32,058 [Worker-9: Updating Maven Project] INFO  o.e.m.c.i.l.LifecycleMappingFactory - Using org.maven.ide.eclipse.wtp.WarLifecycleMapping lifecycle mapping for MavenProject: com.revature:SpringFlashcard:0.0.1-SNAPSHOT @ C:\Users\David\Desktop\Project2Git\DJS-3\TheTeaAppV1\pom.xml.
2020-12-22 15:41:32,424 [Worker-9: Updating Maven Project] INFO  o.e.m.c.i.l.LifecycleMappingFactory - Using org.eclipse.m2e.jdt.JarLifecycleMapping lifecycle mapping for MavenProject: com.revature:the-tea-project-2:0.0.1-SNAPSHOT @ C:\Users\David\Desktop\Project2Git\DJS-3\the-tea-project-2\target\classes\META-INF\maven\com.revature\the-tea-project-2\pom.xml.
2020-12-22 15:41:33,278 [Worker-9: Updating Maven Project] INFO  o.e.m.j.i.AbstractJavaProjectConfigurator - Adding source folder /TheTeaAppV1/src/main/java
2020-12-22 15:41:33,279 [Worker-9: Updating Maven Project] INFO  o.e.m.j.i.AbstractJavaProjectConfigurator - Adding source folder /TheTeaAppV1/src/test/java
2020-12-22 15:41:33,948 [Worker-9: Updating Maven Project] INFO  o.e.m.j.i.AbstractJavaProjectConfigurator - Adding source folder /com.revature_the-tea-project-2/src/main/java
2020-12-22 15:41:33,948 [Worker-9: Updating Maven Project] INFO  o.e.m.j.i.AbstractJavaProjectConfigurator - Adding source folder /com.revature_the-tea-project-2/src/test/java
2020-12-22 15:41:34,419 [Worker-9: Updating Maven Project] INFO  o.e.m.w.i.f.ResourceFilteringBuildParticipant - Cleaning filtered folder for TheTeaAppV1
2020-12-22 15:41:34,438 [Worker-9: Updating Maven Project] INFO  o.e.m.c.i.p.ProjectConfigurationManager - Update completed: 2 sec
2020-12-22 15:41:34,888 [Worker-5: Building] WARN  o.e.m.c.i.embedder.EclipseLogger - Using platform encoding (Cp1252 actually) to copy filtered resources, i.e. build is platform dependent!
2020-12-22 15:41:34,891 [Worker-5: Building] INFO  o.e.m.c.i.embedder.EclipseLogger - skip non existing resourceDirectory C:\Users\David\Desktop\Project2Git\DJS-3\TheTeaAppV1\src\main\resources
2020-12-22 15:41:34,893 [Worker-5: Building] WARN  o.e.m.c.i.embedder.EclipseLogger - Using platform encoding (Cp1252 actually) to copy filtered resources, i.e. build is platform dependent!
2020-12-22 15:41:34,895 [Worker-5: Building] INFO  o.e.m.c.i.embedder.EclipseLogger - skip non existing resourceDirectory C:\Users\David\Desktop\Project2Git\DJS-3\TheTeaAppV1\src\test\resources
2020-12-22 15:41:34,897 [Worker-5: Building] INFO  o.e.m.w.i.f.ResourceFilteringBuildParticipant - Changed resources require a complete clean of filtered resources of TheTeaAppV1
2020-12-22 15:41:34,897 [Worker-5: Building] INFO  o.e.m.w.i.f.ResourceFilteringBuildParticipant - Executing resource filtering for TheTeaAppV1
2020-12-22 15:41:34,901 [Worker-5: Building] WARN  o.e.m.c.i.embedder.EclipseLogger - Using platform encoding (Cp1252 actually) to copy filtered resources, i.e. build is platform dependent!
2020-12-22 15:41:35,304 [Worker-5: Building] INFO  o.e.m.c.i.embedder.EclipseLogger - Using 'UTF-8' encoding to copy filtered resources.
2020-12-22 15:41:35,304 [Worker-5: Building] INFO  o.e.m.c.i.embedder.EclipseLogger - Using 'UTF-8' encoding to copy filtered properties files.
2020-12-22 15:41:35,304 [Worker-5: Building] INFO  o.e.m.c.i.embedder.EclipseLogger - skip non existing resourceDirectory C:\Users\David\Desktop\Project2Git\DJS-3\the-tea-project-2\target\classes\META-INF\maven\com.revature\the-tea-project-2\src\main\resources
2020-12-22 15:41:35,306 [Worker-5: Building] INFO  o.e.m.c.i.embedder.EclipseLogger - skip non existing resourceDirectory C:\Users\David\Desktop\Project2Git\DJS-3\the-tea-project-2\target\classes\META-INF\maven\com.revature\the-tea-project-2\src\main\resources
2020-12-22 15:41:35,307 [Worker-5: Building] INFO  o.e.m.c.i.embedder.EclipseLogger - Using 'UTF-8' encoding to copy filtered resources.
2020-12-22 15:41:35,308 [Worker-5: Building] INFO  o.e.m.c.i.embedder.EclipseLogger - Using 'UTF-8' encoding to copy filtered properties files.
2020-12-22 15:41:35,308 [Worker-5: Building] INFO  o.e.m.c.i.embedder.EclipseLogger - skip non existing resourceDirectory C:\Users\David\Desktop\Project2Git\DJS-3\the-tea-project-2\target\classes\META-INF\maven\com.revature\the-tea-project-2\src\test\resources
